*** Using Compiler 'V5.06 update 6 (build 750)', folder: 'C:\Keil_v5\ARM\ARMCC\Bin'
Build target 'Station_Controller'
compiling freertos.c...
compiling io_signal.c...
compiling gpio.c...
compiling Mcp4822.c...
compiling Flash.c...
compiling main.c...
compiling dma.c...
compiling usart.c...
compiling dac.c...
compiling spi.c...
compiling adc.c...
compiling stm32f1xx_it.c...
compiling lte.c...
compiling mdrtuslave.c...
compiling tool.c...
compiling stm32f1xx_hal_msp.c...
compiling dwin.c...
compiling Clibration.c...
compiling shell_port.c...
compiling shell.c...
linking...
Program Size: Code=42764 RO-data=3092 RW-data=1256 ZI-data=27184  
FromELF: creating hex file...
After Build - User command #1: fromelf --bin --output "Station_Controller.bin"  "Station_Controller\Station_Controller.axf"
"Station_Controller\Station_Controller.axf" - 0 Error(s), 0 Warning(s).
Build Time Elapsed:  00:00:22
